<?xml version="1.0" encoding="UTF-8"?>
<robot generator="Robot 4.0 (Python 3.9.6 on win32)" generated="20210811 13:23:04.364" rpa="false" schemaversion="2">
<suite id="s1" name="Open Optimize" source="C:\Users\Niall\OneDrive\Documents\GitHub\SelfReportingRobot\RF-OpenOptimize\open_optimize.robot">
<test id="s1-t1" name="Do Optimize Login">
<kw name="Open Browser" library="SeleniumLibrary">
<arg>${OPTIMIZE_HOST}</arg>
<doc>Opens a new browser instance to the optional ``url``.</doc>
<msg timestamp="20210811 13:23:04.981" level="INFO">Opening browser 'firefox' to base url 'http://localhost:8090'.</msg>
<msg timestamp="20210811 13:23:04.983" level="INFO">Firefox driver log is always forced to to: C:\Users\Niall\OneDrive\Documents\GitHub\SelfReportingRobot\RF-OpenOptimize\geckodriver-1.log</msg>
<status status="PASS" starttime="20210811 13:23:04.981" endtime="20210811 13:23:12.722"/>
</kw>
<kw name="Sleep" library="BuiltIn">
<arg>3s</arg>
<doc>Pauses the test executed for the given time.</doc>
<msg timestamp="20210811 13:23:15.731" level="INFO">Slept 3 seconds</msg>
<status status="PASS" starttime="20210811 13:23:12.722" endtime="20210811 13:23:15.731"/>
</kw>
<kw name="Input Username">
<arg>${optimizeUsername}</arg>
<kw name="Input Text" library="SeleniumLibrary">
<arg>username</arg>
<arg>${username}</arg>
<doc>Types the given ``text`` into the text field identified by ``locator``.</doc>
<msg timestamp="20210811 13:23:15.734" level="INFO">Typing text 'demo' into text field 'username'.</msg>
<status status="PASS" starttime="20210811 13:23:15.733" endtime="20210811 13:23:15.772"/>
</kw>
<status status="PASS" starttime="20210811 13:23:15.732" endtime="20210811 13:23:15.772"/>
</kw>
<kw name="Input Password">
<arg>${optimizePassword}</arg>
<kw name="Input Text" library="SeleniumLibrary">
<arg>password</arg>
<arg>${password}</arg>
<doc>Types the given ``text`` into the text field identified by ``locator``.</doc>
<msg timestamp="20210811 13:23:15.774" level="INFO">Typing text 'demo' into text field 'password'.</msg>
<status status="PASS" starttime="20210811 13:23:15.774" endtime="20210811 13:23:15.803"/>
</kw>
<status status="PASS" starttime="20210811 13:23:15.773" endtime="20210811 13:23:15.803"/>
</kw>
<status status="PASS" starttime="20210811 13:23:04.980" endtime="20210811 13:23:15.804"/>
</test>
<status status="PASS" starttime="20210811 13:23:04.366" endtime="20210811 13:23:15.806"/>
</suite>
<statistics>
<total>
<stat pass="1" fail="0" skip="0">All Tests</stat>
</total>
<tag>
</tag>
<suite>
<stat pass="1" fail="0" skip="0" id="s1" name="Open Optimize">Open Optimize</stat>
</suite>
</statistics>
<errors>
</errors>
</robot>
