<?xml version="1.0" encoding="UTF-8"?>
<robot generator="Robot 4.0 (Python 3.9.6 on win32)" generated="20210811 12:35:27.935" rpa="false" schemaversion="2">
<suite id="s1" name="Open Optimize" source="C:\Users\Niall\OneDrive\Documents\GitHub\SelfReportingRobot\RF-OpenOptimize\open_optimize.robot">
<test id="s1-t1" name="Process workload">
<kw name="Fetch Workload" library="CamundaLibrary">
<var>${variables}</var>
<arg>topic=${existing_topic}</arg>
<tag>task</tag>
<doc>Locks and fetches workloads from camunda on a given topic. Returns a list of variable dictionary.
Each dictionary representing 1 workload from a process instance.</doc>
<msg timestamp="20210811 12:35:28.472" level="INFO">[]</msg>
<msg timestamp="20210811 12:35:28.473" level="INFO">${variables} = {}</msg>
<status status="PASS" starttime="20210811 12:35:28.448" endtime="20210811 12:35:28.473"/>
</kw>
<kw name="Open Browser" library="SeleniumLibrary">
<arg>http://localhost:8090/#/</arg>
<doc>Opens a new browser instance to the optional ``url``.</doc>
<msg timestamp="20210811 12:35:28.474" level="INFO">Opening browser 'firefox' to base url 'http://localhost:8090/#/'.</msg>
<msg timestamp="20210811 12:35:28.476" level="INFO">Firefox driver log is always forced to to: C:\Users\Niall\OneDrive\Documents\GitHub\SelfReportingRobot\RF-OpenOptimize\geckodriver-13.log</msg>
<status status="PASS" starttime="20210811 12:35:28.474" endtime="20210811 12:35:35.633"/>
</kw>
<kw name="Sleep" library="BuiltIn">
<arg>3s</arg>
<doc>Pauses the test executed for the given time.</doc>
<msg timestamp="20210811 12:35:38.638" level="INFO">Slept 3 seconds</msg>
<status status="PASS" starttime="20210811 12:35:35.634" endtime="20210811 12:35:38.639"/>
</kw>
<kw name="Input Username">
<arg>demo</arg>
<kw name="Input Text" library="SeleniumLibrary">
<arg>username</arg>
<arg>${username}</arg>
<doc>Types the given ``text`` into the text field identified by ``locator``.</doc>
<msg timestamp="20210811 12:35:38.641" level="INFO">Typing text 'demo' into text field 'username'.</msg>
<status status="PASS" starttime="20210811 12:35:38.640" endtime="20210811 12:35:38.674"/>
</kw>
<status status="PASS" starttime="20210811 12:35:38.639" endtime="20210811 12:35:38.675"/>
</kw>
<kw name="Input Password">
<arg>demo</arg>
<kw name="Input Text" library="SeleniumLibrary">
<arg>password</arg>
<arg>${password}</arg>
<doc>Types the given ``text`` into the text field identified by ``locator``.</doc>
<msg timestamp="20210811 12:35:38.676" level="INFO">Typing text 'demo' into text field 'password'.</msg>
<status status="PASS" starttime="20210811 12:35:38.676" endtime="20210811 12:35:38.697"/>
</kw>
<status status="PASS" starttime="20210811 12:35:38.675" endtime="20210811 12:35:38.697"/>
</kw>
<kw name="Create Dictionary" library="BuiltIn">
<var>${my_result}</var>
<arg>lastname=Deehan</arg>
<doc>Creates and returns a dictionary based on the given ``items``.</doc>
<msg timestamp="20210811 12:35:38.698" level="INFO">${my_result} = {'lastname': 'Deehan'}</msg>
<status status="PASS" starttime="20210811 12:35:38.697" endtime="20210811 12:35:38.698"/>
</kw>
<kw name="Complete task" library="CamundaLibrary">
<arg>${my_result}</arg>
<tag>task</tag>
<doc>Completes the task that was fetched before with `fetch workload`.</doc>
<msg timestamp="20210811 12:35:38.699" level="WARN">No task to complete. Maybe you did not fetch and lock a workitem before?</msg>
<status status="PASS" starttime="20210811 12:35:38.698" endtime="20210811 12:35:38.699"/>
</kw>
<status status="PASS" starttime="20210811 12:35:28.447" endtime="20210811 12:35:38.700"/>
</test>
<status status="PASS" starttime="20210811 12:35:27.948" endtime="20210811 12:35:38.701"/>
</suite>
<statistics>
<total>
<stat pass="1" fail="0" skip="0">All Tests</stat>
</total>
<tag>
</tag>
<suite>
<stat pass="1" fail="0" skip="0" id="s1" name="Open Optimize">Open Optimize</stat>
</suite>
</statistics>
<errors>
<msg timestamp="20210811 12:35:38.699" level="WARN">No task to complete. Maybe you did not fetch and lock a workitem before?</msg>
</errors>
</robot>
