<?xml version="1.0" encoding="UTF-8"?>
<robot generator="Robot 4.0 (Python 3.9.6 on win32)" generated="20210811 11:57:57.628" rpa="false" schemaversion="2">
<suite id="s1" name="Open Optimize" source="C:\Users\Niall\OneDrive\Documents\GitHub\SelfReportingRobot\RF-OpenOptimize\open_optimize.robot">
<test id="s1-t1" name="Process workload">
<kw name="Fetch Workload" library="CamundaLibrary">
<var>${variables}</var>
<arg>topic=${existing_topic}</arg>
<tag>task</tag>
<doc>Locks and fetches workloads from camunda on a given topic. Returns a list of variable dictionary.
Each dictionary representing 1 workload from a process instance.</doc>
<msg timestamp="20210811 11:57:58.452" level="INFO">[]</msg>
<msg timestamp="20210811 11:57:58.453" level="INFO">${variables} = {}</msg>
<status status="PASS" starttime="20210811 11:57:58.431" endtime="20210811 11:57:58.453"/>
</kw>
<kw name="Open Browser" library="SeleniumLibrary">
<arg>http://localhost:8090/#/</arg>
<doc>Opens a new browser instance to the optional ``url``.</doc>
<msg timestamp="20210811 11:57:58.454" level="INFO">Opening browser 'firefox' to base url 'http://localhost:8090/#/'.</msg>
<msg timestamp="20210811 11:57:58.456" level="INFO">Firefox driver log is always forced to to: C:\Users\Niall\OneDrive\Documents\GitHub\SelfReportingRobot\RF-OpenOptimize\geckodriver-4.log</msg>
<status status="PASS" starttime="20210811 11:57:58.453" endtime="20210811 11:58:06.035"/>
</kw>
<kw name="Create Dictionary" library="BuiltIn">
<var>${my_result}</var>
<arg>lastname=Deehan</arg>
<doc>Creates and returns a dictionary based on the given ``items``.</doc>
<msg timestamp="20210811 11:58:06.037" level="INFO">${my_result} = {'lastname': 'Deehan'}</msg>
<status status="PASS" starttime="20210811 11:58:06.036" endtime="20210811 11:58:06.037"/>
</kw>
<kw name="Complete task" library="CamundaLibrary">
<arg>${my_result}</arg>
<tag>task</tag>
<doc>Completes the task that was fetched before with `fetch workload`.</doc>
<msg timestamp="20210811 11:58:06.038" level="WARN">No task to complete. Maybe you did not fetch and lock a workitem before?</msg>
<status status="PASS" starttime="20210811 11:58:06.038" endtime="20210811 11:58:06.039"/>
</kw>
<status status="PASS" starttime="20210811 11:57:58.424" endtime="20210811 11:58:06.040"/>
</test>
<status status="PASS" starttime="20210811 11:57:57.632" endtime="20210811 11:58:06.043"/>
</suite>
<statistics>
<total>
<stat pass="1" fail="0" skip="0">All Tests</stat>
</total>
<tag>
</tag>
<suite>
<stat pass="1" fail="0" skip="0" id="s1" name="Open Optimize">Open Optimize</stat>
</suite>
</statistics>
<errors>
<msg timestamp="20210811 11:58:06.038" level="WARN">No task to complete. Maybe you did not fetch and lock a workitem before?</msg>
</errors>
</robot>
